[2026-07-16T06:57:59.431Z] info: kubernetes.yaml was copied to the config folder
[2026-07-16T06:58:02.572Z] info: proxmox.yaml was copied to the config folder
[2026-07-16T06:58:02.602Z] info: custom.css was copied to the config folder
[2026-07-16T06:58:02.604Z] info: custom.js was copied to the config folder
[2026-07-16T06:58:02.829Z] error: <service-helpers> Error getting services from Docker server 'my-docker': TypeError [ERR_INVALID_URL]: Invalid URL
[2026-07-16T06:58:20.423Z] error: <service-helpers> Error getting services from Docker server 'my-docker': TypeError [ERR_INVALID_URL]: Invalid URL
[2026-07-16T06:59:54.122Z] error: <service-helpers> Error getting services from Docker server 'my-docker': TypeError [ERR_INVALID_URL]: Invalid URL
[2026-07-16T07:06:46.941Z] error: <service-helpers> Error getting services from Docker server 'my-docker': TypeError [ERR_INVALID_URL]: Invalid URL
[2026-07-16T07:21:27.056Z] error: <service-helpers> Error getting services from Docker server 'my-docker': TypeError [ERR_INVALID_URL]: Invalid URL
[2026-07-16T07:21:37.749Z] error: <service-helpers> Error getting services from Docker server 'my-docker': TypeError [ERR_INVALID_URL]: Invalid URL
[2026-07-16T07:21:38.968Z] error: <service-helpers> Error getting services from Docker server 'my-docker': TypeError [ERR_INVALID_URL]: Invalid URL
[2026-07-16T07:28:02.356Z] error: <service-helpers> Error getting services from Docker server 'my-docker': TypeError [ERR_INVALID_URL]: Invalid URL
[2026-07-16T07:28:04.262Z] error: <service-helpers> Error getting services from Docker server 'my-docker': TypeError [ERR_INVALID_URL]: Invalid URL
[2026-07-16T07:28:19.839Z] error: <service-helpers> Error getting services from Docker server 'my-docker': TypeError [ERR_INVALID_URL]: Invalid URL
[2026-07-16T07:32:59.322Z] error: <service-helpers> Error getting services from Docker server 'my-docker': TypeError [ERR_INVALID_URL]: Invalid URL
[2026-07-16T07:33:01.183Z] error: <service-helpers> Error getting services from Docker server 'my-docker': TypeError [ERR_INVALID_URL]: Invalid URL
[2026-07-16T07:33:38.295Z] error: <service-helpers> Error getting services from Docker server 'my-docker': TypeError [ERR_INVALID_URL]: Invalid URL
[2026-07-16T07:38:50.092Z] error: <service-helpers> Error getting services from Docker server 'my-docker': TypeError [ERR_INVALID_URL]: Invalid URL
[2026-07-16T08:05:11.617Z] error: <service-helpers> Error getting services from Docker server 'my-docker': TypeError [ERR_INVALID_URL]: Invalid URL
[2026-07-16T08:05:17.281Z] error: <service-helpers> Error getting services from Docker server 'my-docker': TypeError [ERR_INVALID_URL]: Invalid URL
[2026-07-16T08:06:10.958Z] error: <service-helpers> Error getting services from Docker server 'my-docker': TypeError [ERR_INVALID_URL]: Invalid URL
[2026-07-16T08:06:11.058Z] error: <service-helpers> Error getting services from Docker server 'my-docker': TypeError [ERR_INVALID_URL]: Invalid URL
[2026-07-16T08:06:11.786Z] error: <service-helpers> Error getting services from Docker server 'my-docker': TypeError [ERR_INVALID_URL]: Invalid URL
[2026-07-16T08:06:14.155Z] error: <service-helpers> Error getting services from Docker server 'my-docker': TypeError [ERR_INVALID_URL]: Invalid URL
[2026-07-16T08:06:22.192Z] error: <service-helpers> Error getting services from Docker server 'my-docker': TypeError [ERR_INVALID_URL]: Invalid URL
[2026-07-16T08:06:29.780Z] error: <service-helpers> Error getting services from Docker server 'my-docker': TypeError [ERR_INVALID_URL]: Invalid URL
[2026-07-16T09:49:48.914Z] error: <service-helpers> Error getting services from Docker server 'my-docker': TypeError [ERR_INVALID_URL]: Invalid URL
[2026-07-16T10:15:17.216Z] error: <service-helpers> Error getting services from Docker server 'my-docker': TypeError [ERR_INVALID_URL]: Invalid URL
